<?xml version="1.0" encoding="UTF-8"?>
<!-- Generated by org.testng.reporters.JUnitReportReporter -->
<testsuite skipped="0" hostname="DESKTOP-F7O9C93" name="com.qa.Test.LoginTest" tests="2" failures="0" timestamp="15 Nov 2018 06:32:33 GMT" time="4.972" errors="0">
  <testcase name="verifylogout" time="2.586" classname="com.qa.Test.LoginTest"/>
  <testcase name="verifyloginDetails" time="2.386" classname="com.qa.Test.LoginTest"/>
</testsuite> <!-- com.qa.Test.LoginTest -->
